<?xml version="1.0" encoding="UTF-8"?>
<!-- Generated by org.testng.reporters.JUnitReportReporter -->
<<<<<<< HEAD
<<<<<<< HEAD
<testsuite hostname="LAPTOP-TINQNFE1" failures="0" tests="3" name="testRunner.TestRun" time="39.945" errors="0" timestamp="2025-02-24T19:55:30 EST" skipped="0">
  <testcase classname="testRunner.TestRun" name="runScenario" time="8.957"/>
  <system-out/>
  <testcase classname="testRunner.TestRun" name="runScenario" time="13.983"/>
=======
<<<<<<< HEAD
<testsuite hostname="PavithraSubburaj" failures="0" tests="1" name="testRunner.TestRun" time="7.736" errors="1" timestamp="2025-02-24T11:04:41 CST" skipped="0">
  <testcase classname="testRunner.TestRun" name="runScenario" time="7.736">
    <error message="Cannot invoke &quot;pageObjects.HomePage.Click_batch_btn()&quot; because &quot;this.picoObject.homePage&quot; is null" type="java.lang.NullPointerException">
      <![CDATA[java.lang.NullPointerException: Cannot invoke "pageObjects.HomePage.Click_batch_btn()" because "this.picoObject.homePage" is null
at stepDefinitions.BatchSteps.admin_clicks_on_the_batch_menu_from_the_header(BatchSteps.java:33)
at ✽.Admin Clicks on the Batch menu from the header(file:///C:/Users/pavit/git/Final_hackathon_project/LMS-UI-Hackathon-Team15/lmsUI/src/test/resources/FeaturesFiles/TC301_BatchPageNavigation.feature:8)
=======
<testsuite hostname="LAPTOP-TINQNFE1" failures="0" tests="3" name="testRunner.TestRun" time="33.226" errors="1" timestamp="2025-02-23T21:16:47 EST" skipped="0">
  <testcase classname="testRunner.TestRun" name="runScenario" time="3.638">
    <error message="Cannot invoke &quot;pageObjects.LoginPage.getHomePageObject()&quot; because &quot;this.picoObject.loginPage&quot; is null" type="java.lang.NullPointerException">
      <![CDATA[java.lang.NullPointerException: Cannot invoke "pageObjects.LoginPage.getHomePageObject()" because "this.picoObject.loginPage" is null
at stepDefinitions.ProgramSteps.admin_is_on_home_page_after_login(ProgramSteps.java:30)
at ✽.Admin is on home page after Login(file:///C:/Users/kiran/LMS-UI-Hackathon-Team15/lmsUI/src/test/resources/FeaturesFiles/TC201_ProgramPageValidation.feature:9)
>>>>>>> 48e05ed77041b935f4021b8a9dff4995e40a9431
=======
<testsuite hostname="LAPTOP-V3RUJ3A4" failures="1" tests="26" name="testRunner.TestRun" time="209.461" errors="1" timestamp="2025-02-25T14:36:43 EST" skipped="0">
  <testcase classname="testRunner.TestRun" name="runScenario" time="13.379"/>
  <system-out/>
  <testcase classname="testRunner.TestRun" name="runScenario" time="5.519"/>
  <system-out/>
  <testcase classname="testRunner.TestRun" name="runScenario" time="4.342"/>
  <system-out/>
  <testcase classname="testRunner.TestRun" name="runScenario" time="9.338"/>
  <system-out/>
  <testcase classname="testRunner.TestRun" name="runScenario" time="5.018"/>
  <system-out/>
  <testcase classname="testRunner.TestRun" name="runScenario" time="4.382"/>
  <system-out/>
  <testcase classname="testRunner.TestRun" name="runScenario" time="4.589"/>
  <system-out/>
  <testcase classname="testRunner.TestRun" name="runScenario" time="4.483"/>
  <system-out/>
  <testcase classname="testRunner.TestRun" name="runScenario" time="9.847">
    <error message="element click intercepted: Element &lt;button _ngcontent-lxj-c218=&quot;&quot; id=&quot;login&quot; mat-raised-button=&quot;&quot; color=&quot;primary&quot; type=&quot;submit&quot; class=&quot;mat-focus-indicator login-button mat-raised-button mat-button-base mat-primary&quot;&gt;...&lt;/button&gt; is not clickable at point (664, 568). Other element would receive the click: &lt;div class=&quot;cdk-overlay-backdrop cdk-overlay-transparent-backdrop cdk-overlay-backdrop-showing&quot;&gt;&lt;/div&gt;
  (Session info: chrome=133.0.6943.98)
Build info: version: &#039;4.18.0&#039;, revision: &#039;b6bf9de7cc*&#039;
System info: os.name: &#039;Windows 11&#039;, os.arch: &#039;amd64&#039;, os.version: &#039;10.0&#039;, java.version: &#039;17.0.5&#039;
Driver info: org.openqa.selenium.chrome.ChromeDriver
Command: [9e7c261fc0affe4ad21cb14e4d4a4b27, clickElement {id=f.B49088BC46DCE8C203B579E614034C0A.d.71130C06F5E702FB54326C1708DB93D6.e.5}]
Capabilities {acceptInsecureCerts: false, browserName: chrome, browserVersion: 133.0.6943.98, chrome: {chromedriverVersion: 133.0.6943.126 (cffa127ce7b..., userDataDir: C:\Users\reshu\AppData\Loca...}, fedcm:accounts: true, goog:chromeOptions: {debuggerAddress: localhost:53306}, networkConnectionEnabled: false, pageLoadStrategy: normal, platformName: windows, proxy: Proxy(), se:cdp: ws://localhost:53306/devtoo..., se:cdpVersion: 133.0.6943.98, setWindowRect: true, strictFileInteractability: false, timeouts: {implicit: 0, pageLoad: 300000, script: 30000}, unhandledPromptBehavior: dismiss and notify, webauthn:extension:credBlob: true, webauthn:extension:largeBlob: true, webauthn:extension:minPinLength: true, webauthn:extension:prf: true, webauthn:virtualAuthenticators: true}
Element: [[ChromeDriver: chrome on windows (9e7c261fc0affe4ad21cb14e4d4a4b27)] -&gt; id: login]
Session ID: 9e7c261fc0affe4ad21cb14e4d4a4b27" type="org.openqa.selenium.ElementClickInterceptedException">
      <![CDATA[org.openqa.selenium.ElementClickInterceptedException: element click intercepted: Element <button _ngcontent-lxj-c218="" id="login" mat-raised-button="" color="primary" type="submit" class="mat-focus-indicator login-button mat-raised-button mat-button-base mat-primary">...</button> is not clickable at point (664, 568). Other element would receive the click: <div class="cdk-overlay-backdrop cdk-overlay-transparent-backdrop cdk-overlay-backdrop-showing"></div>
  (Session info: chrome=133.0.6943.98)
Build info: version: '4.18.0', revision: 'b6bf9de7cc*'
System info: os.name: 'Windows 11', os.arch: 'amd64', os.version: '10.0', java.version: '17.0.5'
Driver info: org.openqa.selenium.chrome.ChromeDriver
Command: [9e7c261fc0affe4ad21cb14e4d4a4b27, clickElement {id=f.B49088BC46DCE8C203B579E614034C0A.d.71130C06F5E702FB54326C1708DB93D6.e.5}]
Capabilities {acceptInsecureCerts: false, browserName: chrome, browserVersion: 133.0.6943.98, chrome: {chromedriverVersion: 133.0.6943.126 (cffa127ce7b..., userDataDir: C:\Users\reshu\AppData\Loca...}, fedcm:accounts: true, goog:chromeOptions: {debuggerAddress: localhost:53306}, networkConnectionEnabled: false, pageLoadStrategy: normal, platformName: windows, proxy: Proxy(), se:cdp: ws://localhost:53306/devtoo..., se:cdpVersion: 133.0.6943.98, setWindowRect: true, strictFileInteractability: false, timeouts: {implicit: 0, pageLoad: 300000, script: 30000}, unhandledPromptBehavior: dismiss and notify, webauthn:extension:credBlob: true, webauthn:extension:largeBlob: true, webauthn:extension:minPinLength: true, webauthn:extension:prf: true, webauthn:virtualAuthenticators: true}
Element: [[ChromeDriver: chrome on windows (9e7c261fc0affe4ad21cb14e4d4a4b27)] -> id: login]
Session ID: 9e7c261fc0affe4ad21cb14e4d4a4b27
at java.base/jdk.internal.reflect.NativeConstructorAccessorImpl.newInstance0(Native Method)
at java.base/jdk.internal.reflect.NativeConstructorAccessorImpl.newInstance(NativeConstructorAccessorImpl.java:77)
at java.base/jdk.internal.reflect.DelegatingConstructorAccessorImpl.newInstance(DelegatingConstructorAccessorImpl.java:45)
at java.base/java.lang.reflect.Constructor.newInstanceWithCaller(Constructor.java:499)
at java.base/java.lang.reflect.Constructor.newInstance(Constructor.java:480)
at org.openqa.selenium.remote.ErrorCodec.decode(ErrorCodec.java:167)
at org.openqa.selenium.remote.codec.w3c.W3CHttpResponseCodec.decode(W3CHttpResponseCodec.java:138)
at org.openqa.selenium.remote.codec.w3c.W3CHttpResponseCodec.decode(W3CHttpResponseCodec.java:50)
at org.openqa.selenium.remote.HttpCommandExecutor.execute(HttpCommandExecutor.java:190)
at org.openqa.selenium.remote.service.DriverCommandExecutor.invokeExecute(DriverCommandExecutor.java:216)
at org.openqa.selenium.remote.service.DriverCommandExecutor.execute(DriverCommandExecutor.java:174)
at org.openqa.selenium.remote.RemoteWebDriver.execute(RemoteWebDriver.java:519)
at org.openqa.selenium.remote.RemoteWebElement.execute(RemoteWebElement.java:223)
at org.openqa.selenium.remote.RemoteWebElement.click(RemoteWebElement.java:76)
at java.base/jdk.internal.reflect.NativeMethodAccessorImpl.invoke0(Native Method)
at java.base/jdk.internal.reflect.NativeMethodAccessorImpl.invoke(NativeMethodAccessorImpl.java:77)
at java.base/jdk.internal.reflect.DelegatingMethodAccessorImpl.invoke(DelegatingMethodAccessorImpl.java:43)
at java.base/java.lang.reflect.Method.invoke(Method.java:568)
at org.openqa.selenium.support.pagefactory.internal.LocatingElementHandler.invoke(LocatingElementHandler.java:51)
at jdk.proxy2/jdk.proxy2.$Proxy25.click(Unknown Source)
at pageObjects.LoginPage.clickLogin(LoginPage.java:266)
at stepDefinitions.LoginSteps.clicks_login_button(LoginSteps.java:187)
at ✽.clicks login button(file:///C:/Users/reshu/git/LMS-UI-Hackathon-Team15/lmsUI/src/test/resources/FeaturesFiles/TC001_Login.feature:111)
>>>>>>> reshu
]]>
    </error>
  </testcase> <!-- runScenario -->
  <system-out/>
<<<<<<< HEAD
<<<<<<< HEAD
=======
  <testcase classname="testRunner.TestRun" name="runScenario" time="18.912"/>
>>>>>>> b073ed976815e475982b6382909bcfa8487b52fe
  <system-out/>
  <testcase classname="testRunner.TestRun" name="runScenario" time="17.005"/>
  <system-out/>
>>>>>>> 48e05ed77041b935f4021b8a9dff4995e40a9431
=======
  <testcase classname="testRunner.TestRun" name="runScenario" time="4.999"/>
  <system-out/>
  <testcase classname="testRunner.TestRun" name="runScenario" time="8.971"/>
  <system-out/>
  <testcase classname="testRunner.TestRun" name="runScenario" time="4.887"/>
  <system-out/>
  <testcase classname="testRunner.TestRun" name="runScenario" time="5.250"/>
  <system-out/>
  <testcase classname="testRunner.TestRun" name="runScenario" time="4.474"/>
  <system-out/>
  <testcase classname="testRunner.TestRun" name="runScenario" time="4.885"/>
  <system-out/>
  <testcase classname="testRunner.TestRun" name="runScenario" time="2.942"/>
  <system-out/>
  <testcase classname="testRunner.TestRun" name="runScenario" time="5.452"/>
  <system-out/>
  <testcase classname="testRunner.TestRun" name="runScenario" time="4.520"/>
  <system-out/>
  <testcase classname="testRunner.TestRun" name="runScenario" time="4.511"/>
  <system-out/>
  <testcase classname="testRunner.TestRun" name="runScenario" time="4.417"/>
  <system-out/>
  <testcase classname="testRunner.TestRun" name="runScenario" time="4.660"/>
  <system-out/>
  <testcase classname="testRunner.TestRun" name="runScenario" time="4.855"/>
  <system-out/>
  <testcase classname="testRunner.TestRun" name="runScenario" time="70.131"/>
  <system-out/>
  <testcase classname="testRunner.TestRun" name="runScenario" time="4.546"/>
  <system-out/>
  <testcase classname="testRunner.TestRun" name="runScenario" time="4.324">
    <failure message="expected [true] but found [false]" type="java.lang.AssertionError">
      <![CDATA[java.lang.AssertionError: expected [true] but found [false]
at org.testng.Assert.fail(Assert.java:110)
at org.testng.Assert.failNotEquals(Assert.java:1577)
at org.testng.Assert.assertTrue(Assert.java:56)
at org.testng.Assert.assertTrue(Assert.java:66)
at stepDefinitions.LoginSteps.admin_should_receive_application_error(LoginSteps.java:67)
at ✽.Admin should receive application error(file:///C:/Users/reshu/git/LMS-UI-Hackathon-Team15/lmsUI/src/test/resources/FeaturesFiles/TC001_Login.feature:14)
]]>
    </failure>
  </testcase> <!-- runScenario -->
  <system-out/>
  <testcase classname="testRunner.TestRun" name="runScenario" time="4.740"/>
  <system-out/>
>>>>>>> reshu
</testsuite> <!-- testRunner.TestRun -->
